<?xml version="1.0" encoding="UTF-8"?>
<testng-results ignored="0" total="2" passed="2" failed="0" skipped="0">
  <reporter-output>
  </reporter-output>
  <suite started-at="2025-07-30T21:43:04 IST" name="Suite" finished-at="2025-07-30T21:43:27 IST" duration-ms="22601">
    <groups>
    </groups>
    <test started-at="2025-07-30T21:43:04 IST" name="CustomiseOrder" finished-at="2025-07-30T21:43:23 IST" duration-ms="18308">
      <class name="uk.co.automationtesting.AddRemoveItemBasketTest">
        <test-method is-config="true" signature="setup()[pri:0, instance:uk.co.automationtesting.AddRemoveItemBasketTest@6a370f4]" started-at="2025-07-30T21:43:04 IST" name="setup" finished-at="2025-07-30T21:43:11 IST" duration-ms="6630" status="PASS">
          <reporter-output>
          </reporter-output>
        </test-method> <!-- setup -->
        <test-method signature="addRemoveItem()[pri:0, instance:uk.co.automationtesting.AddRemoveItemBasketTest@6a370f4]" started-at="2025-07-30T21:43:11 IST" name="addRemoveItem" finished-at="2025-07-30T21:43:22 IST" duration-ms="11212" status="PASS">
          <reporter-output>
          </reporter-output>
        </test-method> <!-- addRemoveItem -->
        <test-method is-config="true" signature="tearDown()[pri:0, instance:uk.co.automationtesting.AddRemoveItemBasketTest@6a370f4]" started-at="2025-07-30T21:43:22 IST" name="tearDown" finished-at="2025-07-30T21:43:23 IST" duration-ms="446" status="PASS">
          <reporter-output>
          </reporter-output>
        </test-method> <!-- tearDown -->
      </class> <!-- uk.co.automationtesting.AddRemoveItemBasketTest -->
    </test> <!-- CustomiseOrder -->
    <test started-at="2025-07-30T21:43:04 IST" name="E2E flow" finished-at="2025-07-30T21:43:27 IST" duration-ms="22601">
      <class name="uk.co.automationtesting.OrderCompleteTest">
        <test-method is-config="true" signature="setup()[pri:0, instance:uk.co.automationtesting.OrderCompleteTest@34f5090e]" started-at="2025-07-30T21:43:04 IST" name="setup" finished-at="2025-07-30T21:43:10 IST" duration-ms="5706" status="PASS">
          <reporter-output>
          </reporter-output>
        </test-method> <!-- setup -->
        <test-method signature="endToEndTest()[pri:0, instance:uk.co.automationtesting.OrderCompleteTest@34f5090e]" started-at="2025-07-30T21:43:10 IST" name="endToEndTest" finished-at="2025-07-30T21:43:27 IST" duration-ms="16561" status="PASS">
          <reporter-output>
          </reporter-output>
        </test-method> <!-- endToEndTest -->
        <test-method is-config="true" signature="tearDown()[pri:0, instance:uk.co.automationtesting.OrderCompleteTest@34f5090e]" started-at="2025-07-30T21:43:27 IST" name="tearDown" finished-at="2025-07-30T21:43:27 IST" duration-ms="291" status="PASS">
          <reporter-output>
          </reporter-output>
        </test-method> <!-- tearDown -->
      </class> <!-- uk.co.automationtesting.OrderCompleteTest -->
    </test> <!-- E2E flow -->
  </suite> <!-- Suite -->
</testng-results>
